<?xml version="1.0" encoding="UTF-8"?>
<!-- Generated by org.testng.reporters.JUnitReportReporter -->
<testsuite skipped="0" hostname="TABLET-336T4SBR" name="org.testing.testcase.TC4_PutRequest" tests="1" failures="0" timestamp="2022-10-02T07:49:09 IST" time="0.063" errors="0">
  <testcase name="TC4_UpdatePutRequest" time="0.063" classname="org.testing.testcase.TC4_PutRequest"/>
  <system-out/>
</testsuite> <!-- org.testing.testcase.TC4_PutRequest -->
