<?xml version="1.0" encoding="UTF-8"?>
<!-- Generated by org.testng.reporters.JUnitReportReporter -->
<testsuite skipped="0" hostname="TABLET-336T4SBR" name="org.testing.testcase.TC6_PostRequestOnlineAPI" tests="1" failures="0" timestamp="2022-10-10T06:35:12 IST" time="1.226" errors="0">
  <testcase name="TC6_PostReqOnlineAPI" time="1.226" classname="org.testing.testcase.TC6_PostRequestOnlineAPI"/>
  <system-out/>
</testsuite> <!-- org.testing.testcase.TC6_PostRequestOnlineAPI -->
