<?xml version="1.0" encoding="UTF-8"?>
<!-- Generated by org.testng.reporters.JUnitReportReporter -->
<testsuite skipped="0" hostname="TABLET-336T4SBR" name="org.testing.testcase.TC3_GetSingleRecordRequest" tests="1" failures="0" timestamp="2022-10-02T07:49:10 IST" time="0.053" errors="0">
  <testcase name="TC3_SingleRecord" time="0.053" classname="org.testing.testcase.TC3_GetSingleRecordRequest"/>
  <system-out/>
</testsuite> <!-- org.testing.testcase.TC3_GetSingleRecordRequest -->
