<?xml version="1.0" encoding="UTF-8"?>
<!-- Generated by org.testng.reporters.JUnitReportReporter -->
<testsuite skipped="0" hostname="TABLET-336T4SBR" name="org.testing.testcase.TC1_PostRequest" tests="1" failures="0" timestamp="2022-10-02T07:49:10 IST" time="1.796" errors="0">
  <testcase name="TC1_PostRequestMethod" time="1.796" classname="org.testing.testcase.TC1_PostRequest"/>
  <system-out/>
</testsuite> <!-- org.testing.testcase.TC1_PostRequest -->
