<?xml version="1.0" encoding="UTF-8"?>
<!-- Generated by org.testng.reporters.JUnitReportReporter -->
<testsuite skipped="0" hostname="TABLET-336T4SBR" name="org.testing.testcase.TC5_DeleteRequest" tests="1" failures="0" timestamp="2022-10-10T06:35:12 IST" time="0.060" errors="0">
  <testcase name="TC5_DeleteRecord" time="0.060" classname="org.testing.testcase.TC5_DeleteRequest"/>
  <system-out/>
</testsuite> <!-- org.testing.testcase.TC5_DeleteRequest -->
