<?xml version="1.0" encoding="UTF-8"?>
<!-- Generated by org.testng.reporters.JUnitReportReporter -->
<testsuite skipped="0" hostname="TABLET-336T4SBR" name="org.testing.testcase.TC7_GetAllRecordsOnlineAPI" tests="1" failures="0" timestamp="2022-10-02T07:49:10 IST" time="1.104" errors="0">
  <testcase name="TC7_AllRecords" time="1.104" classname="org.testing.testcase.TC7_GetAllRecordsOnlineAPI"/>
  <system-out/>
</testsuite> <!-- org.testing.testcase.TC7_GetAllRecordsOnlineAPI -->
