<?xml version="1.0" encoding="UTF-8"?>
<!-- Generated by org.testng.reporters.JUnitReportReporter -->
<testsuite skipped="0" hostname="TABLET-336T4SBR" name="org.testing.testcase.TC2_GetAllRecordsRequest" tests="1" failures="0" timestamp="2022-10-10T06:35:12 IST" time="1.858" errors="0">
  <testcase name="TC2_GetAllRecordsMethod" time="1.858" classname="org.testing.testcase.TC2_GetAllRecordsRequest"/>
  <system-out/>
</testsuite> <!-- org.testing.testcase.TC2_GetAllRecordsRequest -->
